Now Loading...
SLG           START
1
4----------------------------------------------------------------------------------------------------------------------------------------------------------
-
 
 
 
 
 
 
 
 
 
 
 
 
 
 
 
 
 
 
 
 
- - - - - - - - - - - - - - - - - - - - - - - - - - - - - - - - - - - - - - - - - - - - - - - - - - - - - - - - - - - - - - - - - - - - - - - - - - - - - -
招募          探索          
1002
-----------------------------------------------------------------------------------------------------------------------------------------------------------
选人界面
2
快门2
快门2
快门开始
1001
1
+1
+1
+1
+1
+1
+1
TEAMMEMBER1
TEAMMEMBER2
TEAMMEMBER3
ENEMYMEMBER1
ENEMYMEMBER2
ENEMYMEMBER3
1
-----------------------------------------------------------------------------------------------------------------------------------------------------------
|▅▅▅▅▅▅▅▅▅▅▅▅▅▅▅▅▅▅▅▅▅▅▅▅▅▆▆▆▆▆▆▆▆▆▆▆▆▆▆▆▆▆▆▆▆▆▆▆▆▆|  500  |▆▆▆▆▆▆▆▆▆▆▆▆▆▆▆▆▆▆▆▆▆▆▆▆▆▅▅▅▅▅▅▅▅▅▅▅▅▅▅▅▅▅▅▅▅▅▅▅▅▅|
-----------------------------------------------------------------------------------------------------------------------------------------------------------
战斗信息1
战斗信息2
战斗信息3
 
 
 
 
 
 
 
 
- - - - - - - - - - - - - - - - - - - - - - - - - - - - - - - - - - - - - - - - - - - - - - - - - - - - - - - - - - - - - - - - - - - - - - - - - - - - - -
 
 
[   -   ]  [  快门  ]  [  快门  ]  [  快门  ]  |  [一目触手]  [一目触手]  [一目触手]  [   -   ]
            |▆▆▆▆▆▆▆▆|  |▆▆▆▆▆▆▆▆|  |▆▆▆▆▆▆▆▆|     |▆▆▆▆▆▆▆▆|  |▆▆▆▆▆▆▆▆|  |▆▆▆▆▆▆▆▆|            
            |▆▆▆▆▅▅▅▅|  |▆▆▆▆▅▅▅▅|  |▆▆▆▆▅▅▅▅|     |▅▅▅▅▅▅▅▅|  |▅▅▅▅▅▅▅▅|  |▅▅▅▅▅▅▅▅|            
            |▆▆▆▆▅▅▅▅|  |▆▆▆▆▅▅▅▅|  |▆▆▆▆▅▅▅▅|     |▆▆▆▆▆▆▆▆|  |▆▆▆▆▆▆▆▆|  |▆▆▆▆▆▆▆▆|            
 
 
-----------------------------------------------------------------------------------------------------------------------------------------------------------
快门          
 
UI\UI_BATTLE.ERBの23行目でエラーが発生しました:
    PRINTFORML 体力:%LEN_STR(BASE:(TOSTR(FLAG:行动角色):体力)/TOSTR(MAXBASE:(FLAG:行动角色):体力), 20)%
エラー内容：構文解釈中に予期しない記号":"を発見しました
現在の関数：@UI_BATTLE_CONTROL（UI\UI_BATTLE.ERBの16行目）
関数呼び出しスタック：
UI\UI_BATTLE.ERBの12行目（関数@UI_BATTLE内）
MAIN.ERBの8行目（関数@MAIN_UI内）
MAIN.ERBの40行目（関数@MAIN_CHECK内）
MAIN.ERBの26行目（関数@MAIN_INPUT内）
MAIN.ERBの13行目（関数@MAIN_UI内）
MAIN.ERBの40行目（関数@MAIN_CHECK内）
MAIN.ERBの26行目（関数@MAIN_INPUT内）
MAIN.ERBの13行目（関数@MAIN_UI内）
TITLE.ERBの11行目（関数@SYSTEM_TITLE内）
※※※ログファイルをemuera.logに出力しました※※※
