Now Loading...
SLG      START
1
4---------------------------------------------------------------------------------------------------------------------------------------------------------------------------------------------------------------------------------------
-
 
 
 
 
 
 
 
 
 
 
 
 
 
 
 
 
 
 
 
 
- - - - - - - - - - - - - - - - - - - - - - - - - - - - - - - - - - - - - - - - - - - - - - - - - - - - - - - - - - - - - - - - - - - - - - - - - - - - - - - - - - - - - - - - - - - - - - - - - - - - - - - - - - - - - - - - - - - - - - - - - - - - - - - 
招募      探索      
1002
----------------------------------------------------------------------------------------------------------------------------------------------------------------------------------------------------------------------------------------
选人界面
2
快门2
快门2
快门开始
1001
----------------------------------------------------------------------------------------------------------------------------------------------------------------------------------------------------------------------------------------
|▅▅▅▅▅▅▅▅▅▅▅▅▅▅▅▅▅▅▅▅▅▅▅▅▅▆▆▆▆▆▆▆▆▆▆▆▆▆▆▆▆▆▆▆▆▆▆▆▆▆|  500  |▆▆▆▆▆▆▆▆▆▆▆▆▆▆▆▆▆▆▆▆▆▆▆▆▆▅▅▅▅▅▅▅▅▅▅▅▅▅▅▅▅▅▅▅▅
▅▅▅▅▅|
----------------------------------------------------------------------------------------------------------------------------------------------------------------------------------------------------------------------------------------
战斗信息1
战斗信息2
战斗信息3
 
 
 
 
 
 
 
 
- - - - - - - - - - - - - - - - - - - - - - - - - - - - - - - - - - - - - - - - - - - - - - - - - - - - - - - - - - - - - - - - - - - - - - - - - - - - - - - - - - - - - - - - - - - - - - - - - - - - - - - - - - - - - - - - - - - - - - - - - - - - - - - 
 
 
[   -   ]  [  快门  ]  [  快门  ]  [  快门  ]  |  [一目触手]  [一目触手]  [一目触手]  [   -   ]
            |▆▆▆▆▆▆▆▆|  |▆▆▆▆▆▆▆▆|  |▆▆▆▆▆▆▆▆|     |▆▆▆▆▆▆▆▆|  |▆▆▆▆▆▆▆▆|  |▆▆▆▆▆▆▆▆|            
            |▆▆▆▆▅▅▅▅|  |▆▆▆▆▅▅▅▅|  |▆▆▆▆▅▅▅▅|     |▅▅▅▅▅▅▅▅|  |▅▅▅▅▅▅▅▅|  |▅▅▅▅▅▅▅▅|            
            |▆▆▆▆▅▅▅▅|  |▆▆▆▆▅▅▅▅|  |▆▆▆▆▅▅▅▅|     |▆▆▆▆▆▆▆▆|  |▆▆▆▆▆▆▆▆|  |▆▆▆▆▆▆▆▆|            
 
----------------------------------------------------------------------------------------------------------------------------------------------------------------------------------------------------------------------------------------
UI\UI_BATTLE.ERBの12行目でエラーが発生しました:
    CALL UI_BATTLE_CONTROL
エラー内容：指定された関数名"@UI_BATTLE_CONTROL"は存在しません
現在の関数：@UI_BATTLE（UI\UI_BATTLE.ERBの1行目）
関数呼び出しスタック：
MAIN.ERBの8行目（関数@MAIN_UI内）
MAIN.ERBの27行目（関数@MAIN_INPUT内）
MAIN.ERBの13行目（関数@MAIN_UI内）
MAIN.ERBの27行目（関数@MAIN_INPUT内）
MAIN.ERBの13行目（関数@MAIN_UI内）
TITLE.ERBの11行目（関数@SYSTEM_TITLE内）
